Not searching for unused variables given on the command line.
[36m--[0m The C compiler identification is GNU 9.4.0
[36m--[0m The CXX compiler identification is GNU 9.4.0
[36m--[0m Check for working C compiler: /usr/bin/cc
[36m--[0m Check for working C compiler: /usr/bin/cc -- works
[36m--[0m Detecting C compiler ABI info
[36m--[0m Detecting C compiler ABI info - done
[36m--[0m Detecting C compile features
[36m--[0m Detecting C compile features - done
[36m--[0m Check for working CXX compiler: /usr/bin/c++
[36m--[0m Check for working CXX compiler: /usr/bin/c++ -- works
[36m--[0m Detecting CXX compiler ABI info
[36m--[0m Detecting CXX compiler ABI info - done
[36m--[0m Detecting CXX compile features
[36m--[0m Detecting CXX compile features - done


[36m--[0m dynamicEDT3D building as Release
[36m--[0m Found octomap version: 1.9.8
[36m--[0m octomap libraries: /home/pranjal/rotor_s/devel/lib/liboctomap.so;/home/pranjal/rotor_s/devel/lib/liboctomath.so
[36m--[0m Could NOT find Doxygen (missing: DOXYGEN_EXECUTABLE)


[36m--[0m Compile dynamicEDT3D using: make
[36m--[0m Install dynamicEDT3D using: make install
[36m--[0m     (be sure to set the correct CMAKE_INSTALL_PREFIX before)
[36m--[0m Compile API-documentation using: make docs_dynamicEDT3D

[36m--[0m Configuring done
[36m--[0m Generating done
[36m--[0m Build files have been written to: /home/pranjal/rotor_s/build/dynamic_edt_3d
