Not searching for unused variables given on the command line.
[36m--[0m The C compiler identification is GNU 9.4.0
[36m--[0m The CXX compiler identification is GNU 9.4.0
[36m--[0m Check for working C compiler: /usr/bin/cc
[36m--[0m Check for working C compiler: /usr/bin/cc -- works
[36m--[0m Detecting C compiler ABI info
[36m--[0m Detecting C compiler ABI info - done
[36m--[0m Detecting C compile features
[36m--[0m Detecting C compile features - done
[36m--[0m Check for working CXX compiler: /usr/bin/c++
[36m--[0m Check for working CXX compiler: /usr/bin/c++ -- works
[36m--[0m Detecting CXX compiler ABI info
[36m--[0m Detecting CXX compiler ABI info - done
[36m--[0m Detecting CXX compile features
[36m--[0m Detecting CXX compile features - done


[36m--[0m octovis building as Release
[36m--[0m Found octomap version: 1.9.8
CMake Warning (dev) at /usr/share/cmake-3.16/Modules/FindOpenGL.cmake:275 (message):
  Policy CMP0072 is not set: FindOpenGL prefers GLVND by default when
  available.  Run "cmake --help-policy CMP0072" for policy details.  Use the
  cmake_policy command to set the policy and suppress this warning.

  FindOpenGL found both a legacy GL library:

    OPENGL_gl_LIBRARY: /usr/lib/x86_64-linux-gnu/libGL.so

  and GLVND libraries for OpenGL and GLX:

    OPENGL_opengl_LIBRARY: /usr/lib/x86_64-linux-gnu/libOpenGL.so
    OPENGL_glx_LIBRARY: /usr/lib/x86_64-linux-gnu/libGLX.so

  OpenGL_GL_PREFERENCE has not been set to "GLVND" or "LEGACY", so for
  compatibility with CMake 3.10 and below the legacy GL library will be used.
[36mCall Stack (most recent call first):[0m
  CMakeLists.txt:71 (FIND_PACKAGE)
This warning is for project developers.  Use -Wno-dev to suppress it.

[36m--[0m Found OpenGL: /usr/lib/x86_64-linux-gnu/libOpenGL.so
[36m--[0m QGLViewer includes found in /usr/include/QGLViewer
[36m--[0m QGLViewer library found in /usr/lib/x86_64-linux-gnu/libQGLViewer-qt5.so
--

[36m--[0m viewer octovis will be built
[36m--[0m Configuring done
[36m--[0m Generating done
[36m--[0m Build files have been written to: /home/pranjal/rotor_s/build/octovis
