[ 10%] Built target octomath
[ 10%] Built target octomath-static
[ 24%] Built target octomap-static
[ 37%] Built target octomap
[ 40%] Built target binvox2bt
[ 43%] Built target simple_example
[ 48%] Built target log2graph
[ 48%] Built target octree2pointcloud
[ 51%] Built target bt2vrml
[ 59%] Built target edit_octree
[ 59%] Built target graph2tree
[ 59%] Built target intersection_example
[ 63%] Built target test_raycasting
[ 67%] Built target test_iterators
[ 72%] Built target normals_example
[ 75%] Built target compare_octrees
[ 75%] Built target convert_octree
[ 75%] Built target eval_octree_accuracy
[ 78%] Built target test_scans
[ 81%] Built target test_pruning
[ 83%] Built target test_changedkeys
[ 86%] Built target test_io
[ 89%] Built target unit_tests
[ 91%] Built target test_bbx
[ 94%] Built target test_color_tree
[100%] Built target test_mapcollection
[100%] Built target color_tree_histogram
