[ 10%] Built target octomath-static
[ 10%] Built target octomath
[ 27%] Built target octomap-static
[ 37%] Built target octomap
[ 40%] Built target octree2pointcloud
[ 43%] Built target bt2vrml
[ 56%] Built target log2graph
[ 59%] Built target simple_example
[ 56%] Built target intersection_example
[ 62%] Built target binvox2bt
[ 56%] Built target edit_octree
[ 62%] Built target graph2tree
[ 62%] Built target convert_octree
[ 64%] Built target eval_octree_accuracy
[ 70%] Built target compare_octrees
[ 70%] Built target normals_example
[ 72%] Built target test_changedkeys
[ 77%] Built target test_io
[ 81%] Built target test_iterators
[ 81%] Built target test_pruning
[ 85%] Built target test_bbx
[ 86%] Built target test_raycasting
[ 89%] Built target test_scans
[ 91%] Built target test_color_tree
[ 97%] Built target test_mapcollection
[ 97%] Built target unit_tests
[100%] Built target color_tree_histogram
