[ 10%] Built target octomath
[ 10%] Built target octomath-static
[ 37%] Built target octomap
[ 37%] Built target octomap-static
[ 45%] Built target binvox2bt
[ 45%] Built target simple_example
[ 45%] Built target graph2tree
[ 48%] Built target octree2pointcloud
[ 51%] Built target log2graph
[ 54%] Built target bt2vrml
[ 58%] Built target edit_octree
[ 59%] Built target intersection_example
[ 62%] Built target convert_octree
[ 64%] Built target eval_octree_accuracy
[ 67%] Built target compare_octrees
[ 70%] Built target test_raycasting
[ 72%] Built target normals_example
[ 75%] Built target test_iterators
[ 78%] Built target test_scans
[ 81%] Built target test_pruning
[ 83%] Built target test_io
[ 86%] Built target test_bbx
[ 89%] Built target test_changedkeys
[ 94%] Built target color_tree_histogram
[ 94%] Built target test_color_tree
[100%] Built target unit_tests
[100%] Built target test_mapcollection
