[ 10%] Built target octomath-static
[ 10%] Built target octomath
[ 37%] Built target octomap-static
[ 37%] Built target octomap
[ 40%] Built target log2graph
[ 43%] Built target simple_example
[ 45%] Built target graph2tree
[ 50%] Built target bt2vrml
[ 56%] Built target octree2pointcloud
[ 59%] Built target intersection_example
[ 59%] Built target binvox2bt
[ 62%] Built target edit_octree
[ 62%] Built target convert_octree
[ 64%] Built target eval_octree_accuracy
[ 71%] Built target test_raycasting
[ 71%] Built target compare_octrees
[ 75%] Built target test_scans
[ 75%] Built target normals_example
[ 78%] Built target test_pruning
[ 81%] Built target test_io
[ 83%] Built target test_bbx
[ 86%] Built target test_iterators
[ 89%] Built target test_changedkeys
[ 91%] Built target test_color_tree
[ 94%] Built target color_tree_histogram
[100%] Built target unit_tests
[ 98%] Built target test_mapcollection
