[  9%] Built target octomath
[ 10%] Built target octomath-static
[ 37%] Built target octomap
[ 37%] Built target octomap-static
[ 40%] Built target simple_example
[ 43%] Built target octree2pointcloud
[ 45%] Built target log2graph
[ 48%] Built target graph2tree
[ 51%] Built target bt2vrml
[ 54%] Built target binvox2bt
[ 59%] Built target intersection_example
[ 59%] Built target edit_octree
[ 62%] Built target convert_octree
[ 64%] Built target compare_octrees
[ 70%] Built target normals_example
[ 70%] Built target eval_octree_accuracy
[ 72%] Built target test_pruning
[ 75%] Built target test_raycasting
[ 81%] Built target test_scans
[ 81%] Built target test_iterators
[ 83%] Built target test_io
[ 86%] Built target test_bbx
[ 89%] Built target test_changedkeys
[ 91%] Built target test_mapcollection
[ 94%] Built target test_color_tree
[ 97%] Built target unit_tests
[100%] Built target color_tree_histogram
