[  5%] Built target octomath-static
[ 10%] Built target octomath
[ 37%] Built target octomap
[ 37%] Built target octomap-static
[ 43%] Built target bt2vrml
[ 43%] Built target graph2tree
[ 45%] Built target intersection_example
[ 50%] Built target octree2pointcloud
[ 54%] Built target edit_octree
[ 54%] Built target simple_example
[ 56%] Built target binvox2bt
[ 59%] Built target convert_octree
[ 62%] Built target log2graph
[ 64%] Built target normals_example
[ 67%] Built target compare_octrees
[ 70%] Built target eval_octree_accuracy
[ 78%] Built target test_scans
[ 78%] Built target test_raycasting
[ 78%] Built target test_pruning
[ 81%] Built target test_iterators
[ 83%] Built target test_io
[ 86%] Built target test_bbx
[ 91%] Built target unit_tests
[ 91%] Built target test_changedkeys
[ 94%] Built target test_color_tree
[ 97%] Built target test_mapcollection
[100%] Built target color_tree_histogram
