[ 10%] Built target octomath
[ 10%] Built target octomath-static
[ 36%] Built target octomap-static
[ 37%] Built target octomap
[ 45%] Built target bt2vrml
[ 45%] Built target octree2pointcloud
[ 45%] Built target simple_example
[ 48%] Built target graph2tree
[ 51%] Built target intersection_example
[ 54%] Built target log2graph
[ 56%] Built target binvox2bt
[ 59%] Built target edit_octree
[ 62%] Built target compare_octrees
[ 67%] Built target eval_octree_accuracy
[ 67%] Built target convert_octree
[ 70%] Built target test_raycasting
[ 72%] Built target test_iterators
[ 75%] Built target normals_example
[ 78%] Built target test_pruning
[ 81%] Built target test_scans
[ 83%] Built target test_io
[ 86%] Built target test_bbx
[ 89%] Built target test_color_tree
[ 91%] Built target test_changedkeys
[ 94%] Built target color_tree_histogram
[ 97%] Built target test_mapcollection
[100%] Built target unit_tests
