CMake Warning (dev) at CMakeLists.txt:13 (project):
  Policy CMP0048 is not set: project() command manages VERSION variables.
  Run "cmake --help-policy CMP0048" for policy details.  Use the cmake_policy
  command to set the policy and suppress this warning.

  The following variable(s) would be set to empty:

    CMAKE_PROJECT_VERSION
    CMAKE_PROJECT_VERSION_MAJOR
    CMAKE_PROJECT_VERSION_MINOR
    CMAKE_PROJECT_VERSION_PATCH
This warning is for project developers.  Use -Wno-dev to suppress it.

[33m[1mCMake Warning[0m at /opt/ros/noetic/share/catkin/cmake/catkin_package.cmake:166 (message):
  catkin_package() DEPENDS on 'octomap' but neither 'octomap_INCLUDE_DIRS'
  nor 'octomap_LIBRARIES' is defined.
[36mCall Stack (most recent call first):[0m
  /opt/ros/noetic/share/catkin/cmake/catkin_package.cmake:102 (_catkin_package)
  CMakeLists.txt:229 (catkin_package)


[33m[1mCMake Warning[0m at /home/pranjal/rotor_s/src/rotors_simulator/rotors_gazebo_plugins/CMakeLists.txt:516 (add_library):
  Cannot generate a safe runtime search path for target
  rotors_gazebo_wind_plugin because there is a cycle in the constraint graph:

    dir 0 is [/usr/lib/x86_64-linux-gnu/gazebo-11/plugins]
    dir 1 is [/home/pranjal/rotor_s/build/rotors_gazebo_plugins]
    dir 2 is [/opt/ros/noetic/lib]
      dir 4 must precede it due to runtime library [liboctomap.so.1.9]
    dir 3 is [/home/pranjal/rotor_s/devel/.private/rotors_control/lib]
    dir 4 is [/home/pranjal/rotor_s/devel/lib]
      dir 2 must precede it due to runtime library [liboctomap.so.1.9]

  Some of these libraries may not be found correctly.


[33m[1mCMake Warning[0m at /home/pranjal/rotor_s/src/rotors_simulator/rotors_gazebo_plugins/CMakeLists.txt:508 (add_library):
  Cannot generate a safe runtime search path for target
  rotors_gazebo_ros_interface_plugin because there is a cycle in the
  constraint graph:

    dir 0 is [/usr/lib/x86_64-linux-gnu/gazebo-11/plugins]
    dir 1 is [/home/pranjal/rotor_s/build/rotors_gazebo_plugins]
    dir 2 is [/opt/ros/noetic/lib]
      dir 4 must precede it due to runtime library [liboctomap.so.1.9]
    dir 3 is [/home/pranjal/rotor_s/devel/.private/rotors_control/lib]
    dir 4 is [/home/pranjal/rotor_s/devel/lib]
      dir 2 must precede it due to runtime library [liboctomap.so.1.9]

  Some of these libraries may not be found correctly.


[33m[1mCMake Warning[0m at /home/pranjal/rotor_s/src/rotors_simulator/rotors_gazebo_plugins/CMakeLists.txt:532 (add_library):
  Cannot generate a safe runtime search path for target LiftDragPlugin
  because there is a cycle in the constraint graph:

    dir 0 is [/usr/lib/x86_64-linux-gnu/gazebo-11/plugins]
    dir 1 is [/home/pranjal/rotor_s/build/rotors_gazebo_plugins]
    dir 2 is [/opt/ros/noetic/lib]
      dir 4 must precede it due to runtime library [liboctomap.so.1.9]
    dir 3 is [/home/pranjal/rotor_s/devel/.private/rotors_control/lib]
    dir 4 is [/home/pranjal/rotor_s/devel/lib]
      dir 2 must precede it due to runtime library [liboctomap.so.1.9]

  Some of these libraries may not be found correctly.


[33m[1mCMake Warning[0m at /home/pranjal/rotor_s/src/rotors_simulator/rotors_gazebo_plugins/CMakeLists.txt:440 (add_library):
  Cannot generate a safe runtime search path for target
  rotors_gazebo_multirotor_base_plugin because there is a cycle in the
  constraint graph:

    dir 0 is [/usr/lib/x86_64-linux-gnu/gazebo-11/plugins]
    dir 1 is [/home/pranjal/rotor_s/build/rotors_gazebo_plugins]
    dir 2 is [/opt/ros/noetic/lib]
      dir 4 must precede it due to runtime library [liboctomap.so.1.9]
    dir 3 is [/home/pranjal/rotor_s/devel/.private/rotors_control/lib]
    dir 4 is [/home/pranjal/rotor_s/devel/lib]
      dir 2 must precede it due to runtime library [liboctomap.so.1.9]

  Some of these libraries may not be found correctly.


[33m[1mCMake Warning[0m at /home/pranjal/rotor_s/src/rotors_simulator/rotors_gazebo_plugins/CMakeLists.txt:323 (add_library):
  Cannot generate a safe runtime search path for target
  rotors_gazebo_noisydepth_plugin because there is a cycle in the constraint
  graph:

    dir 0 is [/usr/lib/x86_64-linux-gnu/gazebo-11/plugins]
    dir 1 is [/home/pranjal/rotor_s/build/rotors_gazebo_plugins]
    dir 2 is [/opt/ros/noetic/lib]
      dir 4 must precede it due to runtime library [liboctomap.so.1.9]
    dir 3 is [/home/pranjal/rotor_s/devel/.private/rotors_control/lib]
    dir 4 is [/home/pranjal/rotor_s/devel/lib]
      dir 2 must precede it due to runtime library [liboctomap.so.1.9]

  Some of these libraries may not be found correctly.


[33m[1mCMake Warning[0m at /home/pranjal/rotor_s/src/rotors_simulator/rotors_gazebo_plugins/CMakeLists.txt:432 (add_library):
  Cannot generate a safe runtime search path for target
  rotors_gazebo_motor_model because there is a cycle in the constraint graph:

    dir 0 is [/usr/lib/x86_64-linux-gnu/gazebo-11/plugins]
    dir 1 is [/home/pranjal/rotor_s/build/rotors_gazebo_plugins]
    dir 2 is [/opt/ros/noetic/lib]
      dir 4 must precede it due to runtime library [liboctomap.so.1.9]
    dir 3 is [/home/pranjal/rotor_s/devel/.private/rotors_control/lib]
    dir 4 is [/home/pranjal/rotor_s/devel/lib]
      dir 2 must precede it due to runtime library [liboctomap.so.1.9]

  Some of these libraries may not be found correctly.


[33m[1mCMake Warning[0m at /home/pranjal/rotor_s/src/rotors_simulator/rotors_gazebo_plugins/CMakeLists.txt:266 (add_library):
  Cannot generate a safe runtime search path for target
  rotors_gazebo_bag_plugin because there is a cycle in the constraint graph:

    dir 0 is [/usr/lib/x86_64-linux-gnu/gazebo-11/plugins]
    dir 1 is [/home/pranjal/rotor_s/build/rotors_gazebo_plugins]
    dir 2 is [/opt/ros/noetic/lib]
      dir 4 must precede it due to runtime library [liboctomap.so.1.9]
    dir 3 is [/home/pranjal/rotor_s/devel/.private/rotors_control/lib]
    dir 4 is [/home/pranjal/rotor_s/devel/lib]
      dir 2 must precede it due to runtime library [liboctomap.so.1.9]

  Some of these libraries may not be found correctly.


[33m[1mCMake Warning[0m at /home/pranjal/rotor_s/src/rotors_simulator/rotors_gazebo_plugins/CMakeLists.txt:298 (add_library):
  Cannot generate a safe runtime search path for target
  rotors_gazebo_fw_dynamics_plugin because there is a cycle in the constraint
  graph:

    dir 0 is [/usr/lib/x86_64-linux-gnu/gazebo-11/plugins]
    dir 1 is [/home/pranjal/rotor_s/build/rotors_gazebo_plugins]
    dir 2 is [/opt/ros/noetic/lib]
      dir 4 must precede it due to runtime library [liboctomap.so.1.9]
    dir 3 is [/home/pranjal/rotor_s/devel/.private/rotors_control/lib]
    dir 4 is [/home/pranjal/rotor_s/devel/lib]
      dir 2 must precede it due to runtime library [liboctomap.so.1.9]

  Some of these libraries may not be found correctly.


[33m[1mCMake Warning[0m at /home/pranjal/rotor_s/src/rotors_simulator/rotors_gazebo_plugins/CMakeLists.txt:498 (add_library):
  Cannot generate a safe runtime search path for target
  rotors_gazebo_pressure_plugin because there is a cycle in the constraint
  graph:

    dir 0 is [/usr/lib/x86_64-linux-gnu/gazebo-11/plugins]
    dir 1 is [/home/pranjal/rotor_s/build/rotors_gazebo_plugins]
    dir 2 is [/opt/ros/noetic/lib]
      dir 4 must precede it due to runtime library [liboctomap.so.1.9]
    dir 3 is [/home/pranjal/rotor_s/devel/.private/rotors_control/lib]
    dir 4 is [/home/pranjal/rotor_s/devel/lib]
      dir 2 must precede it due to runtime library [liboctomap.so.1.9]

  Some of these libraries may not be found correctly.


[33m[1mCMake Warning[0m at /home/pranjal/rotor_s/src/rotors_simulator/rotors_gazebo_plugins/CMakeLists.txt:462 (add_library):
  Cannot generate a safe runtime search path for target
  rotors_gazebo_odometry_plugin because there is a cycle in the constraint
  graph:

    dir 0 is [/usr/lib/x86_64-linux-gnu/gazebo-11/plugins]
    dir 1 is [/home/pranjal/rotor_s/build/rotors_gazebo_plugins]
    dir 2 is [/opt/ros/noetic/lib]
      dir 4 must precede it due to runtime library [liboctomap.so.1.9]
    dir 3 is [/home/pranjal/rotor_s/devel/.private/rotors_control/lib]
    dir 4 is [/home/pranjal/rotor_s/devel/lib]
      dir 2 must precede it due to runtime library [liboctomap.so.1.9]

  Some of these libraries may not be found correctly.


[33m[1mCMake Warning[0m at /home/pranjal/rotor_s/src/rotors_simulator/rotors_gazebo_plugins/CMakeLists.txt:274 (add_library):
  Cannot generate a safe runtime search path for target
  rotors_gazebo_controller_interface because there is a cycle in the
  constraint graph:

    dir 0 is [/usr/lib/x86_64-linux-gnu/gazebo-11/plugins]
    dir 1 is [/home/pranjal/rotor_s/build/rotors_gazebo_plugins]
    dir 2 is [/opt/ros/noetic/lib]
      dir 4 must precede it due to runtime library [liboctomap.so.1.9]
    dir 3 is [/home/pranjal/rotor_s/devel/.private/rotors_control/lib]
    dir 4 is [/home/pranjal/rotor_s/devel/lib]
      dir 2 must precede it due to runtime library [liboctomap.so.1.9]

  Some of these libraries may not be found correctly.


[33m[1mCMake Warning[0m at /home/pranjal/rotor_s/src/rotors_simulator/rotors_gazebo_plugins/CMakeLists.txt:286 (add_library):
  Cannot generate a safe runtime search path for target
  gazebo_geotagged_images_plugin because there is a cycle in the constraint
  graph:

    dir 0 is [/usr/lib/x86_64-linux-gnu/gazebo-11/plugins]
    dir 1 is [/home/pranjal/rotor_s/build/rotors_gazebo_plugins]
    dir 2 is [/opt/ros/noetic/lib]
      dir 4 must precede it due to runtime library [liboctomap.so.1.9]
    dir 3 is [/home/pranjal/rotor_s/devel/.private/rotors_control/lib]
    dir 4 is [/home/pranjal/rotor_s/devel/lib]
      dir 2 must precede it due to runtime library [liboctomap.so.1.9]

  Some of these libraries may not be found correctly.


[33m[1mCMake Warning[0m at /home/pranjal/rotor_s/src/rotors_simulator/rotors_gazebo_plugins/CMakeLists.txt:314 (add_library):
  Cannot generate a safe runtime search path for target
  rotors_gazebo_imu_plugin because there is a cycle in the constraint graph:

    dir 0 is [/usr/lib/x86_64-linux-gnu/gazebo-11/plugins]
    dir 1 is [/home/pranjal/rotor_s/build/rotors_gazebo_plugins]
    dir 2 is [/opt/ros/noetic/lib]
      dir 4 must precede it due to runtime library [liboctomap.so.1.9]
    dir 3 is [/home/pranjal/rotor_s/devel/.private/rotors_control/lib]
    dir 4 is [/home/pranjal/rotor_s/devel/lib]
      dir 2 must precede it due to runtime library [liboctomap.so.1.9]

  Some of these libraries may not be found correctly.


[33m[1mCMake Warning[0m at /home/pranjal/rotor_s/src/rotors_simulator/rotors_gazebo_plugins/CMakeLists.txt:306 (add_library):
  Cannot generate a safe runtime search path for target
  rotors_gazebo_gps_plugin because there is a cycle in the constraint graph:

    dir 0 is [/usr/lib/x86_64-linux-gnu/gazebo-11/plugins]
    dir 1 is [/home/pranjal/rotor_s/build/rotors_gazebo_plugins]
    dir 2 is [/opt/ros/noetic/lib]
      dir 4 must precede it due to runtime library [liboctomap.so.1.9]
    dir 3 is [/home/pranjal/rotor_s/devel/.private/rotors_control/lib]
    dir 4 is [/home/pranjal/rotor_s/devel/lib]
      dir 2 must precede it due to runtime library [liboctomap.so.1.9]

  Some of these libraries may not be found correctly.


[33m[1mCMake Warning[0m at /home/pranjal/rotor_s/src/rotors_simulator/rotors_gazebo_plugins/CMakeLists.txt:346 (add_library):
  Cannot generate a safe runtime search path for target
  rotors_gazebo_lidar_plugin because there is a cycle in the constraint
  graph:

    dir 0 is [/usr/lib/x86_64-linux-gnu/gazebo-11/plugins]
    dir 1 is [/home/pranjal/rotor_s/build/rotors_gazebo_plugins]
    dir 2 is [/opt/ros/noetic/lib]
      dir 4 must precede it due to runtime library [liboctomap.so.1.9]
    dir 3 is [/home/pranjal/rotor_s/devel/.private/rotors_control/lib]
    dir 4 is [/home/pranjal/rotor_s/devel/lib]
      dir 2 must precede it due to runtime library [liboctomap.so.1.9]

  Some of these libraries may not be found correctly.


[33m[1mCMake Warning[0m at /home/pranjal/rotor_s/src/rotors_simulator/rotors_gazebo_plugins/CMakeLists.txt:358 (add_library):
  Cannot generate a safe runtime search path for target
  rotors_gazebo_magnetometer_plugin because there is a cycle in the
  constraint graph:

    dir 0 is [/usr/lib/x86_64-linux-gnu/gazebo-11/plugins]
    dir 1 is [/home/pranjal/rotor_s/build/rotors_gazebo_plugins]
    dir 2 is [/opt/ros/noetic/lib]
      dir 4 must precede it due to runtime library [liboctomap.so.1.9]
    dir 3 is [/home/pranjal/rotor_s/devel/.private/rotors_control/lib]
    dir 4 is [/home/pranjal/rotor_s/devel/lib]
      dir 2 must precede it due to runtime library [liboctomap.so.1.9]

  Some of these libraries may not be found correctly.


